<?xml version="1.0" encoding="UTF-8" standalone="no"?>
<testsuite errors="0" failures="0" name="io.cucumber.core.plugin.JUnitFormatter" skipped="0" tests="7" time="134.44">
<testcase classname="DataDrivenTesting" name="Verify DataDriven Testing" time="24.17">
<system-out><![CDATA[Given user launch chrome Browser............................................passed
Then User browse application URL "http://demowebshop.tricentis.com/"........passed
Then Login Link should display..............................................passed
When user clicks on Login  link.............................................passed
Given User Enters the credentials...........................................passed
Then User enters email as "test@kuna.com" and password as "test@123"........passed
And User click on login button..............................................passed
Then User clicks on logout button...........................................passed
And Close Browser...........................................................passed
]]></system-out>
</testcase>
<testcase classname="DataDrivenTesting" name="Verify DataDriven Testing 2" time="19.321">
<system-out><![CDATA[Given user launch chrome Browser............................................passed
Then User browse application URL "http://demowebshop.tricentis.com/"........passed
Then Login Link should display..............................................passed
When user clicks on Login  link.............................................passed
Given User Enters the credentials...........................................passed
Then User enters email as "test@champi.com" and password as "test@123"......passed
And User click on login button..............................................passed
Then User clicks on logout button...........................................passed
And Close Browser...........................................................passed
]]></system-out>
</testcase>
<testcase classname="DataDrivenTesting" name="Verify DataDriven Testing 3" time="20.717">
<system-out><![CDATA[Given user launch chrome Browser............................................passed
Then User browse application URL "http://demowebshop.tricentis.com/"........passed
Then Login Link should display..............................................passed
When user clicks on Login  link.............................................passed
Given User Enters the credentials...........................................passed
Then User enters email as "gabu@tabu.com" and password as "test@123"........passed
And User click on login button..............................................passed
Then User clicks on logout button...........................................passed
And Close Browser...........................................................passed
]]></system-out>
</testcase>
<testcase classname="Login" name="Verify User able to login with Valid Credentials" time="17.215">
<system-out><![CDATA[Given user launch chrome Browser............................................passed
Then User browse application URL "http://demowebshop.tricentis.com/"........passed
Then Login Link should display..............................................passed
When user clicks on Login  link.............................................passed
Then User enters email as "test@kuna.com" and password as "test@123"........passed
And User click on login button..............................................passed
And Home page title should be "Demo Web Shop "..............................passed
And Close Browser...........................................................passed
]]></system-out>
</testcase>
<testcase classname="Login" name="Verify User able to logout" time="17.586">
<system-out><![CDATA[Given user launch chrome Browser............................................passed
Then User browse application URL "http://demowebshop.tricentis.com/"........passed
Then Login Link should display..............................................passed
When user clicks on Login  link.............................................passed
Then User enters email as "test@kuna.com" and password as "test@123"........passed
And User click on login button..............................................passed
And Home page title should be "Demo Web Shop "..............................passed
Then User clicks on logout button...........................................passed
And Close Browser...........................................................passed
]]></system-out>
</testcase>
<testcase classname="Login" name="Verify User LoginName should display correctly" time="16.668">
<system-out><![CDATA[Given user launch chrome Browser............................................passed
Then User browse application URL "http://demowebshop.tricentis.com/"........passed
Then Login Link should display..............................................passed
When user clicks on Login  link.............................................passed
Then User enters email as "test@kuna.com" and password as "test@123"........passed
And User click on login button..............................................passed
Then page should display correct username as per the login..................passed
And Close Browser...........................................................passed
]]></system-out>
</testcase>
<testcase classname="Login" name="Verify LoginTab Values" time="18.116">
<system-out><![CDATA[Given user launch chrome Browser............................................passed
Then User browse application URL "http://demowebshop.tricentis.com/"........passed
Then Login Link should display..............................................passed
When user clicks on Login  link.............................................passed
Then User enters email as "test@kuna.com" and password as "test@123"........passed
And User click on login button..............................................passed
Then HeaderMenu Should display corrct values................................passed
And Close Browser...........................................................passed
]]></system-out>
</testcase>
</testsuite>
